<?xml version="1.0" encoding="UTF-8"?>
<!-- Generated by org.testng.reporters.JUnitReportReporter -->
<testsuite hostname="Gowsalya" failures="0" tests="1" name="vTiger.ToCreateOrganization" time="7.823" errors="0" timestamp="2025-02-18T14:42:57 IST" skipped="0">
  <testcase classname="vTiger.ToCreateOrganization" name="toCreateOrganization" time="7.823">
    <system-out>
      <![CDATA[Organization is created successfully]]>
    </system-out>
  </testcase> <!-- toCreateOrganization -->
  <system-out>
    <![CDATA[Browser got launched
Browser got Maximized
Logged In Successfully
Organization is created successfully
Logged out Successfully
Browser got Closed Successfully]]>
  </system-out>
</testsuite> <!-- vTiger.ToCreateOrganization -->
