<?xml version="1.0" encoding="UTF-8"?>
<!-- Generated by org.testng.reporters.JUnitReportReporter -->
<testsuite hostname="Gowsalya" failures="0" tests="1" name="vTiger.ToCreateCampaign" time="29.402" errors="0" timestamp="2025-03-03T16:46:41 IST" skipped="0">
  <testcase classname="vTiger.ToCreateCampaign" name="toCreateCampaign" time="29.402"/>
  <system-out>
    <![CDATA[Browser got launched
Browser got Maximized
Logged In Successfully
Product Added Successfully
Logged out Successfully
Browser got Closed Successfully
Browser got launched
Browser got Maximized
Logged In Successfully
Logged out Successfully
Browser got Closed Successfully]]>
  </system-out>
</testsuite> <!-- vTiger.ToCreateCampaign -->
